<?xml version="1.0" encoding="UTF-8"?>
<testng-results skipped="0" failed="0" ignored="0" total="1" passed="1">
  <reporter-output>
  </reporter-output>
  <suite name="Default suite" duration-ms="151520" started-at="2018-03-19T05:13:15Z" finished-at="2018-03-19T05:15:47Z">
    <groups>
    </groups>
    <test name="Default test" duration-ms="151520" started-at="2018-03-19T05:13:15Z" finished-at="2018-03-19T05:15:47Z">
      <class name="Day11.DDF_MortgageCalc">
        <test-method status="PASS" signature="inti()[pri:0, instance:Day11.DDF_MortgageCalc@6d4b1c02]" name="inti" is-config="true" duration-ms="378" started-at="2018-03-19T10:43:15Z" finished-at="2018-03-19T10:43:16Z">
          <reporter-output>
          </reporter-output>
        </test-method> <!-- inti -->
        <test-method status="PASS" signature="calc()[pri:0, instance:Day11.DDF_MortgageCalc@6d4b1c02]" name="calc" duration-ms="151024" started-at="2018-03-19T10:43:16Z" finished-at="2018-03-19T10:45:47Z">
          <reporter-output>
          </reporter-output>
        </test-method> <!-- calc -->
        <test-method status="PASS" signature="tearDown()[pri:0, instance:Day11.DDF_MortgageCalc@6d4b1c02]" name="tearDown" is-config="true" duration-ms="98" started-at="2018-03-19T10:45:47Z" finished-at="2018-03-19T10:45:47Z">
          <reporter-output>
          </reporter-output>
        </test-method> <!-- tearDown -->
      </class> <!-- Day11.DDF_MortgageCalc -->
    </test> <!-- Default test -->
  </suite> <!-- Default suite -->
</testng-results>
