<?xml version="1.0" encoding="UTF-8"?>
<!-- Generated by org.testng.reporters.JUnitXMLReporter -->
<testsuite hostname="Amol" name="Parameterization_TestNG test2" tests="3" failures="0" timestamp="5 Jul 2016 12:44:47 GMT" time="0.023" errors="0">
  <testcase name="TestLogin" time="0.002" classname="Day7.Parameterization_TestNG"/>
  <testcase name="TestLogin" time="0.005" classname="Day7.Parameterization_TestNG"/>
  <testcase name="TestLogin" time="0.002" classname="Day7.Parameterization_TestNG"/>
</testsuite> <!-- Parameterization_TestNG test2 -->
